Build started 2/6/2018 7:47:27 PM.
Project "C:\Users\Atchima\Documents\Visual Studio 2012\Projects\BookRecord\BookRecord\BookRecord.vcxproj" on node 2 (Build target(s)).
ClCompile:
  C:\Program Files (x86)\Microsoft Visual Studio 11.0\VC\bin\CL.exe /c /ZI /nologo /W3 /WX- /Od /Oy- /D WIN32 /D _DEBUG /D _CONSOLE /D _UNICODE /D UNICODE /Gm /EHsc /RTC1 /MDd /GS /fp:precise /Zc:wchar_t /Zc:forScope /Fo"Debug\\" /Fd"Debug\vc110.pdb" /Gd /TP /analyze- /errorReport:prompt BookRecord.cpp Main.cpp
  BookRecord.cpp
c:\users\atchima\documents\visual studio 2012\projects\bookrecord\bookrecord\bookrecord.cpp(16): warning C4996: 'strcpy': This function or variable may be unsafe. Consider using strcpy_s instead. To disable deprecation, use _CRT_SECURE_NO_WARNINGS. See online help for details.
          c:\program files (x86)\microsoft visual studio 11.0\vc\include\string.h(110) : see declaration of 'strcpy'
c:\users\atchima\documents\visual studio 2012\projects\bookrecord\bookrecord\bookrecord.cpp(25): warning C4996: 'strcpy': This function or variable may be unsafe. Consider using strcpy_s instead. To disable deprecation, use _CRT_SECURE_NO_WARNINGS. See online help for details.
          c:\program files (x86)\microsoft visual studio 11.0\vc\include\string.h(110) : see declaration of 'strcpy'
c:\users\atchima\documents\visual studio 2012\projects\bookrecord\bookrecord\bookrecord.cpp(39): warning C4996: 'strcpy': This function or variable may be unsafe. Consider using strcpy_s instead. To disable deprecation, use _CRT_SECURE_NO_WARNINGS. See online help for details.
          c:\program files (x86)\microsoft visual studio 11.0\vc\include\string.h(110) : see declaration of 'strcpy'
c:\users\atchima\documents\visual studio 2012\projects\bookrecord\bookrecord\bookrecord.cpp(44): warning C4996: 'strcpy': This function or variable may be unsafe. Consider using strcpy_s instead. To disable deprecation, use _CRT_SECURE_NO_WARNINGS. See online help for details.
          c:\program files (x86)\microsoft visual studio 11.0\vc\include\string.h(110) : see declaration of 'strcpy'
c:\users\atchima\documents\visual studio 2012\projects\bookrecord\bookrecord\bookrecord.cpp(99): warning C4018: '<' : signed/unsigned mismatch
  Generating Code...
  Compiling...
  Main.cpp
  Generating Code...
Link:
  C:\Program Files (x86)\Microsoft Visual Studio 11.0\VC\bin\link.exe /ERRORREPORT:PROMPT /OUT:"C:\Users\Atchima\Documents\Visual Studio 2012\Projects\BookRecord\Debug\BookRecord.exe" /INCREMENTAL /NOLOGO kernel32.lib user32.lib gdi32.lib winspool.lib comdlg32.lib advapi32.lib shell32.lib ole32.lib oleaut32.lib uuid.lib odbc32.lib odbccp32.lib /MANIFEST /MANIFESTUAC:"level='asInvoker' uiAccess='false'" /manifest:embed /DEBUG /PDB:"C:\Users\Atchima\Documents\Visual Studio 2012\Projects\BookRecord\Debug\BookRecord.pdb" /SUBSYSTEM:CONSOLE /TLBID:1 /DYNAMICBASE /NXCOMPAT /IMPLIB:"C:\Users\Atchima\Documents\Visual Studio 2012\Projects\BookRecord\Debug\BookRecord.lib" /MACHINE:X86 Debug\BookRecord.obj
  Debug\Main.obj
  BookRecord.vcxproj -> C:\Users\Atchima\Documents\Visual Studio 2012\Projects\BookRecord\Debug\BookRecord.exe
Done Building Project "C:\Users\Atchima\Documents\Visual Studio 2012\Projects\BookRecord\BookRecord\BookRecord.vcxproj" (Build target(s)).

Build succeeded.

Time Elapsed 00:00:06.27
